[02:46:47.614][INFO]: Successfully injected RecipeFS file system
[02:46:47.661][INFO]: Successfully identified and loaded plugin crafttweaker:builtin
[02:46:47.671][INFO]: Successfully identified and loaded plugin crafttweaker:builtin_forge
[02:46:47.680][INFO]: Successfully identified and loaded plugin farmersdelight:crafttweaker_plugin
[02:46:48.620][INFO]: The following mods have explicit CraftTweaker support through the default plugin:
[02:46:48.623][INFO]: - 'aether' at version '1.19.2-1.4.2-forge'
[02:46:48.626][INFO]: - 'aquaculture' at version '1.19.2-2.4.17'
[02:46:48.627][INFO]: - 'crafttweaker' at version '10.1.56'
[02:46:48.627][INFO]: - 'farmersdelight' at version '1.19.2-1.2.4'
[02:46:48.627][INFO]: - 'gamestages' at version '11.1.4'
[02:46:48.627][INFO]: - 'itemstages' at version '5.1.4'
[02:46:59.944][INFO]: Started loading scripts for loader 'initialize'
[02:47:00.708][INFO]: Compiling and executing scripts
[02:47:00.756][INFO]: Successfully initialized modules [crafttweaker, expansions]
[02:47:00.869][INFO]: Execution for loader 'initialize' completed successfully
[02:47:11.794][INFO]: Started loading scripts for loader 'tags'
[02:47:11.827][INFO]: Compiling and executing scripts
[02:47:11.845][INFO]: Successfully initialized modules [crafttweaker, expansions]
[02:47:11.860][INFO]: Execution for loader 'tags' completed successfully
[02:47:16.636][INFO]: Started loading scripts for loader 'crafttweaker'
[02:47:16.668][INFO]: Compiling and executing scripts
[02:47:17.164][INFO]: Successfully initialized modules [mods, crafttweaker, expansions]
[02:47:17.167][INFO]: Loading file 'Cisco.zs' with priority 0
[02:47:17.200][INFO]: Hello world!
[02:47:17.205][INFO]: Adding 'minecraft:smithing' recipe, with name: 'crafttweaker:dreadsteel_chestplate' that outputs: '<item:dreadsteel:dreadsteel_chestplate>'
[02:47:17.206][INFO]: Adding 'minecraft:smithing' recipe, with name: 'crafttweaker:dreadsteel_helmet' that outputs: '<item:dreadsteel:dreadsteel_helmet>'
[02:47:17.207][INFO]: Adding 'minecraft:smithing' recipe, with name: 'crafttweaker:dreadsteel_boots' that outputs: '<item:dreadsteel:dreadsteel_boots>'
[02:47:17.207][INFO]: Adding 'minecraft:smithing' recipe, with name: 'crafttweaker:dreadsteel_leggings' that outputs: '<item:dreadsteel:dreadsteel_leggings>'
[02:47:17.208][INFO]: Adding 'minecraft:crafting' recipe, of type: "shapeless", with name: 'crafttweaker:dreadsteel_ingot_recipe' that outputs: '<item:dreadsteel:dreadsteel_ingot>'
[02:47:17.209][INFO]: Adding 'minecraft:crafting' recipe, of type: "shapeless", with name: 'crafttweaker:dreadsteel_scythe_recipe' that outputs: '<item:dreadsteel:dreadsteel_scythe>'
[02:47:17.209][INFO]: Adding 'minecraft:crafting' recipe, of type: "shapeless", with name: 'crafttweaker:dreadsteel_shield_recipe' that outputs: '<item:dreadsteel:dreadsteel_shield>'
[02:47:17.210][INFO]: Removing "minecraft:crafting" recipes with modid: "dreadsteel"
[02:47:17.213][INFO]: Adding 'minecraft:crafting' recipe, of type: "shapeless", with name: 'crafttweaker:amnesia_scroll' that outputs: '<item:skilltree:amnesia_scroll>'
[02:47:17.213][INFO]: Adding 'minecraft:crafting' recipe, of type: "shapeless", with name: 'crafttweaker:true_dragons_breath' that outputs: '<item:cisco_mod:true_dragons_breath>'
[02:47:17.217][INFO]: Adding 'minecraft:crafting' recipe, of type: "shapeless", with name: 'crafttweaker:rogue_eye' that outputs: '<item:endrem:rogue_eye>.withTag({Damage: 0})'
[02:47:17.218][INFO]: Adding 'minecraft:crafting' recipe, of type: "shapeless", with name: 'crafttweaker:undead_soul' that outputs: '<item:endrem:undead_soul>'
[02:47:17.218][INFO]: Adding 'minecraft:crafting' recipe, of type: "shapeless", with name: 'crafttweaker:demonium_ingot_recipe' that outputs: '<item:cisco_mod:demonium_ingot>'
[02:47:17.218][INFO]: Adding 'minecraft:crafting' recipe, of type: "shapeless", with name: 'crafttweaker:frigidium_ingot_recipe' that outputs: '<item:cisco_mod:frigidiumingot>'
[02:47:17.218][INFO]: Execution for loader 'crafttweaker' completed successfully
[02:47:17.220][INFO]: This reload was made possible by Ivy_ and more! Become a patron at https://patreon.com/jaredlll08?s=crtmod
